1772129861.907703 client started (149379): version 3.5a, socket /tmp/tmux-1000/default, protocol 8
1772129861.907719 on Linux 6.18.6-200.fc43.x86_64 #1 SMP PREEMPT_DYNAMIC Sun Jan 18 18:57:00 UTC 2026
1772129861.907725 using libevent 2.1.12-stable poll
1772129861.907728 using ncurses 6.5 20250614
1772129861.907741 flags are 0x18010000
1772129861.907748 socket is /tmp/tmux-1000/default
1772129861.907757 trying connect
1772129861.907801 add peer 0x55f4e57ced70: 12 ((nil))
1772129861.907984 sending message 111 to peer 0x55f4e57ced70 (8 bytes)
1772129861.907992 sending message 111 to peer 0x55f4e57ced70 (8 bytes)
1772129861.907995 sending message 101 to peer 0x55f4e57ced70 (14 bytes)
1772129861.907998 sending message 109 to peer 0x55f4e57ced70 (4 bytes)
1772129861.908001 sending message 102 to peer 0x55f4e57ced70 (11 bytes)
1772129861.908003 sending message 108 to peer 0x55f4e57ced70 (44 bytes)
1772129861.908006 sending message 112 to peer 0x55f4e57ced70 (70 bytes)
1772129861.908009 sending message 112 to peer 0x55f4e57ced70 (5 bytes)
1772129861.908011 sending message 112 to peer 0x55f4e57ced70 (5 bytes)
1772129861.908014 sending message 112 to peer 0x55f4e57ced70 (6 bytes)
1772129861.908016 sending message 112 to peer 0x55f4e57ced70 (6 bytes)
1772129861.908018 sending message 112 to peer 0x55f4e57ced70 (11 bytes)
1772129861.908021 sending message 112 to peer 0x55f4e57ced70 (10 bytes)
1772129861.908024 sending message 112 to peer 0x55f4e57ced70 (13 bytes)
1772129861.908026 sending message 112 to peer 0x55f4e57ced70 (13 bytes)
1772129861.908029 sending message 112 to peer 0x55f4e57ced70 (18 bytes)
1772129861.908031 sending message 112 to peer 0x55f4e57ced70 (11 bytes)
1772129861.908034 sending message 112 to peer 0x55f4e57ced70 (10 bytes)
1772129861.908036 sending message 112 to peer 0x55f4e57ced70 (15 bytes)
1772129861.908039 sending message 112 to peer 0x55f4e57ced70 (21 bytes)
1772129861.908041 sending message 112 to peer 0x55f4e57ced70 (13 bytes)
1772129861.908044 sending message 112 to peer 0x55f4e57ced70 (7 bytes)
1772129861.908046 sending message 112 to peer 0x55f4e57ced70 (13 bytes)
1772129861.908049 sending message 112 to peer 0x55f4e57ced70 (7 bytes)
1772129861.908051 sending message 112 to peer 0x55f4e57ced70 (13 bytes)
1772129861.908053 sending message 112 to peer 0x55f4e57ced70 (9 bytes)
1772129861.908056 sending message 112 to peer 0x55f4e57ced70 (21 bytes)
1772129861.908058 sending message 112 to peer 0x55f4e57ced70 (13 bytes)
1772129861.908061 sending message 112 to peer 0x55f4e57ced70 (8 bytes)
1772129861.908063 sending message 112 to peer 0x55f4e57ced70 (12 bytes)
1772129861.908066 sending message 112 to peer 0x55f4e57ced70 (13 bytes)
1772129861.908068 sending message 112 to peer 0x55f4e57ced70 (9 bytes)
1772129861.908071 sending message 112 to peer 0x55f4e57ced70 (9 bytes)
1772129861.908073 sending message 112 to peer 0x55f4e57ced70 (12 bytes)
1772129861.908076 sending message 112 to peer 0x55f4e57ced70 (8 bytes)
1772129861.908078 sending message 112 to peer 0x55f4e57ced70 (8 bytes)
1772129861.908081 sending message 112 to peer 0x55f4e57ced70 (7 bytes)
1772129861.908083 sending message 112 to peer 0x55f4e57ced70 (7 bytes)
1772129861.908086 sending message 112 to peer 0x55f4e57ced70 (9 bytes)
1772129861.908088 sending message 112 to peer 0x55f4e57ced70 (13 bytes)
1772129861.908091 sending message 112 to peer 0x55f4e57ced70 (6 bytes)
1772129861.908093 sending message 112 to peer 0x55f4e57ced70 (9 bytes)
1772129861.908095 sending message 112 to peer 0x55f4e57ced70 (15 bytes)
1772129861.908098 sending message 112 to peer 0x55f4e57ced70 (13 bytes)
1772129861.908100 sending message 112 to peer 0x55f4e57ced70 (12 bytes)
1772129861.908103 sending message 112 to peer 0x55f4e57ced70 (8 bytes)
1772129861.908105 sending message 112 to peer 0x55f4e57ced70 (14 bytes)
1772129861.908108 sending message 112 to peer 0x55f4e57ced70 (11 bytes)
1772129861.908110 sending message 112 to peer 0x55f4e57ced70 (9 bytes)
1772129861.908113 sending message 112 to peer 0x55f4e57ced70 (10 bytes)
1772129861.908115 sending message 112 to peer 0x55f4e57ced70 (10 bytes)
1772129861.908122 sending message 112 to peer 0x55f4e57ced70 (10 bytes)
1772129861.908127 sending message 112 to peer 0x55f4e57ced70 (10 bytes)
1772129861.908130 sending message 112 to peer 0x55f4e57ced70 (11 bytes)
1772129861.908132 sending message 112 to peer 0x55f4e57ced70 (12 bytes)
1772129861.908135 sending message 112 to peer 0x55f4e57ced70 (12 bytes)
1772129861.908138 sending message 112 to peer 0x55f4e57ced70 (12 bytes)
1772129861.908140 sending message 112 to peer 0x55f4e57ced70 (12 bytes)
1772129861.908143 sending message 112 to peer 0x55f4e57ced70 (12 bytes)
1772129861.908145 sending message 112 to peer 0x55f4e57ced70 (11 bytes)
1772129861.908148 sending message 112 to peer 0x55f4e57ced70 (11 bytes)
1772129861.908150 sending message 112 to peer 0x55f4e57ced70 (12 bytes)
1772129861.908153 sending message 112 to peer 0x55f4e57ced70 (12 bytes)
1772129861.908155 sending message 112 to peer 0x55f4e57ced70 (12 bytes)
1772129861.908158 sending message 112 to peer 0x55f4e57ced70 (12 bytes)
1772129861.908160 sending message 112 to peer 0x55f4e57ced70 (12 bytes)
1772129861.908163 sending message 112 to peer 0x55f4e57ced70 (10 bytes)
1772129861.908165 sending message 112 to peer 0x55f4e57ced70 (12 bytes)
1772129861.908168 sending message 112 to peer 0x55f4e57ced70 (13 bytes)
1772129861.908170 sending message 112 to peer 0x55f4e57ced70 (13 bytes)
1772129861.908173 sending message 112 to peer 0x55f4e57ced70 (13 bytes)
1772129861.908175 sending message 112 to peer 0x55f4e57ced70 (13 bytes)
1772129861.908178 sending message 112 to peer 0x55f4e57ced70 (13 bytes)
1772129861.908180 sending message 112 to peer 0x55f4e57ced70 (8 bytes)
1772129861.908183 sending message 112 to peer 0x55f4e57ced70 (11 bytes)
1772129861.908185 sending message 112 to peer 0x55f4e57ced70 (11 bytes)
1772129861.908188 sending message 112 to peer 0x55f4e57ced70 (11 bytes)
1772129861.908190 sending message 112 to peer 0x55f4e57ced70 (12 bytes)
1772129861.908193 sending message 112 to peer 0x55f4e57ced70 (12 bytes)
1772129861.908195 sending message 112 to peer 0x55f4e57ced70 (12 bytes)
1772129861.908198 sending message 112 to peer 0x55f4e57ced70 (12 bytes)
1772129861.908200 sending message 112 to peer 0x55f4e57ced70 (13 bytes)
1772129861.908203 sending message 112 to peer 0x55f4e57ced70 (13 bytes)
1772129861.908205 sending message 112 to peer 0x55f4e57ced70 (13 bytes)
1772129861.908208 sending message 112 to peer 0x55f4e57ced70 (8 bytes)
1772129861.908210 sending message 112 to peer 0x55f4e57ced70 (13 bytes)
1772129861.908213 sending message 112 to peer 0x55f4e57ced70 (13 bytes)
1772129861.908215 sending message 112 to peer 0x55f4e57ced70 (13 bytes)
1772129861.908218 sending message 112 to peer 0x55f4e57ced70 (13 bytes)
1772129861.908220 sending message 112 to peer 0x55f4e57ced70 (13 bytes)
1772129861.908223 sending message 112 to peer 0x55f4e57ced70 (12 bytes)
1772129861.908225 sending message 112 to peer 0x55f4e57ced70 (12 bytes)
1772129861.908228 sending message 112 to peer 0x55f4e57ced70 (12 bytes)
1772129861.908230 sending message 112 to peer 0x55f4e57ced70 (12 bytes)
1772129861.908233 sending message 112 to peer 0x55f4e57ced70 (13 bytes)
1772129861.908235 sending message 112 to peer 0x55f4e57ced70 (8 bytes)
1772129861.908238 sending message 112 to peer 0x55f4e57ced70 (13 bytes)
1772129861.908240 sending message 112 to peer 0x55f4e57ced70 (13 bytes)
1772129861.908243 sending message 112 to peer 0x55f4e57ced70 (13 bytes)
1772129861.908245 sending message 112 to peer 0x55f4e57ced70 (13 bytes)
1772129861.908248 sending message 112 to peer 0x55f4e57ced70 (13 bytes)
1772129861.908250 sending message 112 to peer 0x55f4e57ced70 (13 bytes)
1772129861.908253 sending message 112 to peer 0x55f4e57ced70 (13 bytes)
1772129861.908255 sending message 112 to peer 0x55f4e57ced70 (12 bytes)
1772129861.908258 sending message 112 to peer 0x55f4e57ced70 (12 bytes)
1772129861.908260 sending message 112 to peer 0x55f4e57ced70 (12 bytes)
1772129861.908263 sending message 112 to peer 0x55f4e57ced70 (8 bytes)
1772129861.908265 sending message 112 to peer 0x55f4e57ced70 (12 bytes)
1772129861.908270 sending message 112 to peer 0x55f4e57ced70 (13 bytes)
1772129861.908274 sending message 112 to peer 0x55f4e57ced70 (13 bytes)
1772129861.908277 sending message 112 to peer 0x55f4e57ced70 (13 bytes)
1772129861.908279 sending message 112 to peer 0x55f4e57ced70 (13 bytes)
1772129861.908282 sending message 112 to peer 0x55f4e57ced70 (13 bytes)
1772129861.908284 sending message 112 to peer 0x55f4e57ced70 (13 bytes)
1772129861.908287 sending message 112 to peer 0x55f4e57ced70 (13 bytes)
1772129861.908289 sending message 112 to peer 0x55f4e57ced70 (13 bytes)
1772129861.908292 sending message 112 to peer 0x55f4e57ced70 (12 bytes)
1772129861.908294 sending message 112 to peer 0x55f4e57ced70 (10 bytes)
1772129861.908297 sending message 112 to peer 0x55f4e57ced70 (12 bytes)
1772129861.908299 sending message 112 to peer 0x55f4e57ced70 (12 bytes)
1772129861.908302 sending message 112 to peer 0x55f4e57ced70 (12 bytes)
1772129861.908304 sending message 112 to peer 0x55f4e57ced70 (13 bytes)
1772129861.908307 sending message 112 to peer 0x55f4e57ced70 (13 bytes)
1772129861.908309 sending message 112 to peer 0x55f4e57ced70 (13 bytes)
1772129861.908312 sending message 112 to peer 0x55f4e57ced70 (13 bytes)
1772129861.908314 sending message 112 to peer 0x55f4e57ced70 (13 bytes)
1772129861.908317 sending message 112 to peer 0x55f4e57ced70 (13 bytes)
1772129861.908319 sending message 112 to peer 0x55f4e57ced70 (13 bytes)
1772129861.908322 sending message 112 to peer 0x55f4e57ced70 (10 bytes)
1772129861.908324 sending message 112 to peer 0x55f4e57ced70 (13 bytes)
1772129861.908326 sending message 112 to peer 0x55f4e57ced70 (12 bytes)
1772129861.908329 sending message 112 to peer 0x55f4e57ced70 (12 bytes)
1772129861.908331 sending message 112 to peer 0x55f4e57ced70 (12 bytes)
1772129861.908334 sending message 112 to peer 0x55f4e57ced70 (10 bytes)
1772129861.908336 sending message 112 to peer 0x55f4e57ced70 (10 bytes)
1772129861.908339 sending message 112 to peer 0x55f4e57ced70 (10 bytes)
1772129861.908341 sending message 112 to peer 0x55f4e57ced70 (12 bytes)
1772129861.908344 sending message 112 to peer 0x55f4e57ced70 (13 bytes)
1772129861.908346 sending message 112 to peer 0x55f4e57ced70 (13 bytes)
1772129861.908349 sending message 112 to peer 0x55f4e57ced70 (13 bytes)
1772129861.908351 sending message 112 to peer 0x55f4e57ced70 (13 bytes)
1772129861.908354 sending message 112 to peer 0x55f4e57ced70 (13 bytes)
1772129861.908356 sending message 112 to peer 0x55f4e57ced70 (11 bytes)
1772129861.908359 sending message 112 to peer 0x55f4e57ced70 (11 bytes)
1772129861.908361 sending message 112 to peer 0x55f4e57ced70 (12 bytes)
1772129861.908364 sending message 112 to peer 0x55f4e57ced70 (12 bytes)
1772129861.908366 sending message 112 to peer 0x55f4e57ced70 (12 bytes)
1772129861.908369 sending message 112 to peer 0x55f4e57ced70 (12 bytes)
1772129861.908371 sending message 112 to peer 0x55f4e57ced70 (12 bytes)
1772129861.908374 sending message 112 to peer 0x55f4e57ced70 (11 bytes)
1772129861.908376 sending message 112 to peer 0x55f4e57ced70 (12 bytes)
1772129861.908378 sending message 112 to peer 0x55f4e57ced70 (12 bytes)
1772129861.908381 sending message 112 to peer 0x55f4e57ced70 (13 bytes)
1772129861.908383 sending message 112 to peer 0x55f4e57ced70 (13 bytes)
1772129861.908386 sending message 112 to peer 0x55f4e57ced70 (13 bytes)
1772129861.908388 sending message 112 to peer 0x55f4e57ced70 (13 bytes)
1772129861.908391 sending message 112 to peer 0x55f4e57ced70 (13 bytes)
1772129861.908393 sending message 112 to peer 0x55f4e57ced70 (10 bytes)
1772129861.908396 sending message 112 to peer 0x55f4e57ced70 (9 bytes)
1772129861.908398 sending message 112 to peer 0x55f4e57ced70 (12 bytes)
1772129861.908401 sending message 112 to peer 0x55f4e57ced70 (13 bytes)
1772129861.908403 sending message 112 to peer 0x55f4e57ced70 (13 bytes)
1772129861.908406 sending message 112 to peer 0x55f4e57ced70 (13 bytes)
1772129861.908408 sending message 112 to peer 0x55f4e57ced70 (13 bytes)
1772129861.908411 sending message 112 to peer 0x55f4e57ced70 (13 bytes)
1772129861.908415 sending message 112 to peer 0x55f4e57ced70 (9 bytes)
1772129861.908419 sending message 112 to peer 0x55f4e57ced70 (12 bytes)
1772129861.908421 sending message 112 to peer 0x55f4e57ced70 (13 bytes)
1772129861.908424 sending message 112 to peer 0x55f4e57ced70 (13 bytes)
1772129861.908426 sending message 112 to peer 0x55f4e57ced70 (13 bytes)
1772129861.908429 sending message 112 to peer 0x55f4e57ced70 (13 bytes)
1772129861.908431 sending message 112 to peer 0x55f4e57ced70 (13 bytes)
1772129861.908434 sending message 112 to peer 0x55f4e57ced70 (11 bytes)
1772129861.908436 sending message 112 to peer 0x55f4e57ced70 (12 bytes)
1772129861.908439 sending message 112 to peer 0x55f4e57ced70 (13 bytes)
1772129861.908441 sending message 112 to peer 0x55f4e57ced70 (13 bytes)
1772129861.908444 sending message 112 to peer 0x55f4e57ced70 (13 bytes)
1772129861.908446 sending message 112 to peer 0x55f4e57ced70 (13 bytes)
1772129861.908449 sending message 112 to peer 0x55f4e57ced70 (13 bytes)
1772129861.908451 sending message 112 to peer 0x55f4e57ced70 (11 bytes)
1772129861.908454 sending message 112 to peer 0x55f4e57ced70 (12 bytes)
1772129861.908456 sending message 112 to peer 0x55f4e57ced70 (12 bytes)
1772129861.908459 sending message 112 to peer 0x55f4e57ced70 (12 bytes)
1772129861.908461 sending message 112 to peer 0x55f4e57ced70 (12 bytes)
1772129861.908464 sending message 112 to peer 0x55f4e57ced70 (12 bytes)
1772129861.908466 sending message 112 to peer 0x55f4e57ced70 (21 bytes)
1772129861.908469 sending message 112 to peer 0x55f4e57ced70 (12 bytes)
1772129861.908471 sending message 112 to peer 0x55f4e57ced70 (9 bytes)
1772129861.908474 sending message 112 to peer 0x55f4e57ced70 (6 bytes)
1772129861.908476 sending message 112 to peer 0x55f4e57ced70 (13 bytes)
1772129861.908479 sending message 112 to peer 0x55f4e57ced70 (8 bytes)
1772129861.908481 sending message 112 to peer 0x55f4e57ced70 (15 bytes)
1772129861.908484 sending message 112 to peer 0x55f4e57ced70 (13 bytes)
1772129861.908486 sending message 112 to peer 0x55f4e57ced70 (9 bytes)
1772129861.908489 sending message 112 to peer 0x55f4e57ced70 (70 bytes)
1772129861.908492 sending message 112 to peer 0x55f4e57ced70 (69 bytes)
1772129861.908494 sending message 112 to peer 0x55f4e57ced70 (10 bytes)
1772129861.908497 sending message 112 to peer 0x55f4e57ced70 (10 bytes)
1772129861.908499 sending message 112 to peer 0x55f4e57ced70 (8 bytes)
1772129861.908502 sending message 112 to peer 0x55f4e57ced70 (15 bytes)
1772129861.908505 sending message 112 to peer 0x55f4e57ced70 (13 bytes)
1772129861.908507 sending message 112 to peer 0x55f4e57ced70 (10 bytes)
1772129861.908510 sending message 112 to peer 0x55f4e57ced70 (10 bytes)
1772129861.908512 sending message 112 to peer 0x55f4e57ced70 (17 bytes)
1772129861.908515 sending message 112 to peer 0x55f4e57ced70 (10 bytes)
1772129861.908518 sending message 112 to peer 0x55f4e57ced70 (13 bytes)
1772129861.908520 sending message 112 to peer 0x55f4e57ced70 (9 bytes)
1772129861.908523 sending message 112 to peer 0x55f4e57ced70 (5 bytes)
1772129861.908525 sending message 112 to peer 0x55f4e57ced70 (15 bytes)
1772129861.908528 sending message 104 to peer 0x55f4e57ced70 (0 bytes)
1772129861.908531 sending message 110 to peer 0x55f4e57ced70 (0 bytes)
1772129861.908534 sending message 107 to peer 0x55f4e57ced70 (4 bytes)
1772129861.908537 sending message 105 to peer 0x55f4e57ced70 (20 bytes)
1772129861.908539 sending message 105 to peer 0x55f4e57ced70 (48 bytes)
1772129861.908542 sending message 105 to peer 0x55f4e57ced70 (17 bytes)
1772129861.908544 sending message 105 to peer 0x55f4e57ced70 (21 bytes)
1772129861.908547 sending message 105 to peer 0x55f4e57ced70 (39 bytes)
1772129861.908550 sending message 105 to peer 0x55f4e57ced70 (73 bytes)
1772129861.908552 sending message 105 to peer 0x55f4e57ced70 (2089 bytes)
1772129861.908562 sending message 105 to peer 0x55f4e57ced70 (11 bytes)
1772129861.908564 sending message 105 to peer 0x55f4e57ced70 (11 bytes)
1772129861.908567 sending message 105 to peer 0x55f4e57ced70 (16 bytes)
1772129861.908572 sending message 105 to peer 0x55f4e57ced70 (28 bytes)
1772129861.908575 sending message 105 to peer 0x55f4e57ced70 (25 bytes)
1772129861.908578 sending message 105 to peer 0x55f4e57ced70 (25 bytes)
1772129861.908581 sending message 105 to peer 0x55f4e57ced70 (34 bytes)
1772129861.908583 sending message 105 to peer 0x55f4e57ced70 (26 bytes)
1772129861.908586 sending message 105 to peer 0x55f4e57ced70 (25 bytes)
1772129861.908588 sending message 105 to peer 0x55f4e57ced70 (287 bytes)
1772129861.908591 sending message 105 to peer 0x55f4e57ced70 (126 bytes)
1772129861.908594 sending message 105 to peer 0x55f4e57ced70 (30 bytes)
1772129861.908596 sending message 105 to peer 0x55f4e57ced70 (48 bytes)
1772129861.908599 sending message 105 to peer 0x55f4e57ced70 (17 bytes)
1772129861.908601 sending message 105 to peer 0x55f4e57ced70 (11 bytes)
1772129861.908604 sending message 105 to peer 0x55f4e57ced70 (29 bytes)
1772129861.908607 sending message 105 to peer 0x55f4e57ced70 (20 bytes)
1772129861.908609 sending message 105 to peer 0x55f4e57ced70 (54 bytes)
1772129861.908612 sending message 105 to peer 0x55f4e57ced70 (34 bytes)
1772129861.908614 sending message 105 to peer 0x55f4e57ced70 (15 bytes)
1772129861.908617 sending message 105 to peer 0x55f4e57ced70 (15 bytes)
1772129861.908619 sending message 105 to peer 0x55f4e57ced70 (23 bytes)
1772129861.908622 sending message 105 to peer 0x55f4e57ced70 (25 bytes)
1772129861.908624 sending message 105 to peer 0x55f4e57ced70 (45 bytes)
1772129861.908627 sending message 105 to peer 0x55f4e57ced70 (38 bytes)
1772129861.908630 sending message 105 to peer 0x55f4e57ced70 (33 bytes)
1772129861.908632 sending message 105 to peer 0x55f4e57ced70 (40 bytes)
1772129861.908635 sending message 105 to peer 0x55f4e57ced70 (14 bytes)
1772129861.908637 sending message 105 to peer 0x55f4e57ced70 (29 bytes)
1772129861.908640 sending message 105 to peer 0x55f4e57ced70 (20 bytes)
1772129861.908642 sending message 105 to peer 0x55f4e57ced70 (51 bytes)
1772129861.908645 sending message 105 to peer 0x55f4e57ced70 (20 bytes)
1772129861.908647 sending message 105 to peer 0x55f4e57ced70 (38 bytes)
1772129861.908650 sending message 105 to peer 0x55f4e57ced70 (19 bytes)
1772129861.908652 sending message 105 to peer 0x55f4e57ced70 (29 bytes)
1772129861.908655 sending message 105 to peer 0x55f4e57ced70 (39 bytes)
1772129861.908657 sending message 105 to peer 0x55f4e57ced70 (12 bytes)
1772129861.908660 sending message 105 to peer 0x55f4e57ced70 (37 bytes)
1772129861.908662 sending message 105 to peer 0x55f4e57ced70 (17 bytes)
1772129861.908665 sending message 105 to peer 0x55f4e57ced70 (79 bytes)
1772129861.908667 sending message 105 to peer 0x55f4e57ced70 (41 bytes)
1772129861.908670 sending message 105 to peer 0x55f4e57ced70 (90 bytes)
1772129861.908673 sending message 105 to peer 0x55f4e57ced70 (29 bytes)
1772129861.908675 sending message 105 to peer 0x55f4e57ced70 (53 bytes)
1772129861.908678 sending message 105 to peer 0x55f4e57ced70 (29 bytes)
1772129861.908680 sending message 105 to peer 0x55f4e57ced70 (31 bytes)
1772129861.908683 sending message 105 to peer 0x55f4e57ced70 (21 bytes)
1772129861.908685 sending message 105 to peer 0x55f4e57ced70 (17 bytes)
1772129861.908692 sending message 105 to peer 0x55f4e57ced70 (19 bytes)
1772129861.908695 sending message 105 to peer 0x55f4e57ced70 (12 bytes)
1772129861.908697 sending message 105 to peer 0x55f4e57ced70 (64 bytes)
1772129861.908700 sending message 105 to peer 0x55f4e57ced70 (20 bytes)
1772129861.908703 sending message 105 to peer 0x55f4e57ced70 (21 bytes)
1772129861.908705 sending message 105 to peer 0x55f4e57ced70 (20 bytes)
1772129861.908708 sending message 105 to peer 0x55f4e57ced70 (8 bytes)
1772129861.908711 sending message 106 to peer 0x55f4e57ced70 (0 bytes)
1772129861.908755 sending message 200 to peer 0x55f4e57ced70 (4 bytes)
1772129861.908758 client loop enter
1772129861.912499 peer 0x55f4e57ced70 message 207
1772129861.912508 sending message 208 to peer 0x55f4e57ced70 (0 bytes)
1772129864.654669 peer 0x55f4e57ced70 message 214
1772132614.657717 client_signal: Hangup
1772132614.657756 sending message 205 to peer 0x55f4e57ced70 (0 bytes)
1772132614.657768 client_signal: Continued
1772132614.657779 sending message 216 to peer 0x55f4e57ced70 (0 bytes)
1772132614.657786 client loop exit
